\o Program:		@(#)$CDS: libManager version 6.1.8 - CAT37 07/23/2021 16:48 (sjfdcl1033) $
\o Sub version:		sub-version  s203 
\o Arguments:		-unmapped -mpssession virtuoso3119866 -mpshost fastx3-02.ews.illinois.edu 
\o Working Directory:	fastx3-02.ews.illinois.edu:/home/kadinas2/ece482.work/gpdk045/final_project
\o 64-bit offsets
\o Qt version: 		5.9.1
\o changeWorkingDir("/home/kadinas2/ece482.work/gpdk045/final_project") unnecessary.
\o ddSetForcedLib("") unnecessary.
\o Log file is "/home/kadinas2/ece482.work/gpdk045/final_project/libManager.log".
\o Opening libManager window.
\a nrSetWindowVisibility(cdsLibManager "show")
\o MPS service: map window
\o Library Manager customization server connected.
\a nrSetCurrentWindow(cdsLibManager)
\a nrResizeWindow(cdsLibManager list(473 75 997 635))
\a cdsLibManager->libListBox->value = "rfExamples"
\a cdsLibManager->libLineEdit->value = "rfExamples"
\a nrSetCurrentWindow(cdsLibManager)
\a nrSetWindowVisibility(cdsLibManager "hide")
\a _lmgrCloseIconify("cdsLibManager" 1)
\o MPS service: shutdown
\o libManager is exiting.
\a exit(0)
